<?xml version="1.0" encoding="UTF-8"?>
<testsuite xmlns:xsi="http://www.w3.org/2001/XMLSchema-instance" xsi:noNamespaceSchemaLocation="https://maven.apache.org/surefire/maven-surefire-plugin/xsd/surefire-test-report.xsd" name="com.railwayticket.controller.ClientControllerTest" time="5.269" tests="7" errors="0" skipped="0" failures="0">
  <properties>
[...]
</properties>
  <testcase name="FindByNameTest" classname="com.railwayticket.controller.ClientControllerTest" time="0.67"/>
  <testcase name="DeleteClientTest" classname="com.railwayticket.controller.ClientControllerTest" time="0.012"/>
  <testcase name="HomePageLoadTest" classname="com.railwayticket.controller.ClientControllerTest" time="0.025"/>
  <testcase name="UpdateClientTest" classname="com.railwayticket.controller.ClientControllerTest" time="0.012"/>
  <testcase name="ListPageClientTest" classname="com.railwayticket.controller.ClientControllerTest" time="0.028"/>
  <testcase name="UpdateClientPageLoadTest" classname="com.railwayticket.controller.ClientControllerTest" time="0.041"/>
  <testcase name="BuyTicketTest" classname="com.railwayticket.controller.ClientControllerTest" time="0.013"/>
</testsuite>