<?xml version="1.0" encoding="UTF-8"?>
<testsuite xmlns:xsi="http://www.w3.org/2001/XMLSchema-instance" xsi:noNamespaceSchemaLocation="https://maven.apache.org/surefire/maven-surefire-plugin/xsd/surefire-test-report.xsd" name="com.railwayticket.restclient.restclient.ClientRestControllerTest" time="0.768" tests="12" errors="0" skipped="0" failures="0">
  <properties>
[...]
</properties>
  <testcase name="SaveClient_thenStatusCreated" classname="com.railwayticket.restclient.restclient.ClientRestControllerTest" time="0.013"/>
  <testcase name="GetAllClient_thenStatusOk" classname="com.railwayticket.restclient.restclient.ClientRestControllerTest" time="0.015"/>
  <testcase name="GetAllClientByName_thenStatusNotFound" classname="com.railwayticket.restclient.restclient.ClientRestControllerTest" time="0.013"/>
  <testcase name="UpdateClient_thenStatusCreated" classname="com.railwayticket.restclient.restclient.ClientRestControllerTest" time="0.013"/>
  <testcase name="DeleteClient_thenStatusNotFound" classname="com.railwayticket.restclient.restclient.ClientRestControllerTest" time="0.012"/>
  <testcase name="DeleteClient_thenStatusNoContent" classname="com.railwayticket.restclient.restclient.ClientRestControllerTest" time="0.031"/>
  <testcase name="GetAllClientByName_thenStatusOk" classname="com.railwayticket.restclient.restclient.ClientRestControllerTest" time="0.014"/>
  <testcase name="SaveClient_thenStatusBadRequest" classname="com.railwayticket.restclient.restclient.ClientRestControllerTest" time="0.013"/>
  <testcase name="ClientRailwayByIdTest_thenStatus200" classname="com.railwayticket.restclient.restclient.ClientRestControllerTest" time="0.014"/>
  <testcase name="ClientRailwayByIdTest_thenStatusBadRequest" classname="com.railwayticket.restclient.restclient.ClientRestControllerTest" time="0.007"/>
  <testcase name="ClientRailwayByIdTest_thenStatusNotFound" classname="com.railwayticket.restclient.restclient.ClientRestControllerTest" time="0.013"/>
  <testcase name="UpdateClient_thenStatusBadRequest" classname="com.railwayticket.restclient.restclient.ClientRestControllerTest" time="0.012"/>
</testsuite>