<?xml version="1.0" encoding="UTF-8" ?>
<testsuite tests="12" failures="0" name="com.railwayticket.service.TrainServiceApiApiImplementationTest" time="0.067" errors="0" skipped="0">
  <properties>
[...]
</properties>
  <testcase classname="com.railwayticket.service.TrainServiceApiApiImplementationTest" name="DeleteTrainTest_True" time="0.003"/>
  <testcase classname="com.railwayticket.service.TrainServiceApiApiImplementationTest" name="FindAllTrainsTest_Exception" time="0.029"/>
  <testcase classname="com.railwayticket.service.TrainServiceApiApiImplementationTest" name="FindAllTrainByDateDepartureArrivalStationsTest_True" time="0.014"/>
  <testcase classname="com.railwayticket.service.TrainServiceApiApiImplementationTest" name="FindAllTrainByDateDepartureArrivalStationsTest_Exception" time="0.002"/>
  <testcase classname="com.railwayticket.service.TrainServiceApiApiImplementationTest" name="SaveNewTrainTest_True" time="0.002"/>
  <testcase classname="com.railwayticket.service.TrainServiceApiApiImplementationTest" name="UpdateTrainInfoTest_Exception" time="0.002"/>
  <testcase classname="com.railwayticket.service.TrainServiceApiApiImplementationTest" name="SaveNewTrainTest_Exception" time="0.001"/>
  <testcase classname="com.railwayticket.service.TrainServiceApiApiImplementationTest" name="UpdateTrainInfoTest_True" time="0.002"/>
  <testcase classname="com.railwayticket.service.TrainServiceApiApiImplementationTest" name="GetOneTrainTest_True" time="0.002"/>
  <testcase classname="com.railwayticket.service.TrainServiceApiApiImplementationTest" name="DeleteTrainTest_Exception" time="0.003"/>
  <testcase classname="com.railwayticket.service.TrainServiceApiApiImplementationTest" name="GetOneTrainTest_Exception" time="0.002"/>
  <testcase classname="com.railwayticket.service.TrainServiceApiApiImplementationTest" name="FindAllTrainsTest_True" time="0.005"/>
</testsuite>